2021-08-14 18:44:09,106 [INFO] Activator:177 - 


2021-08-14 18:44:09,107 [INFO] Activator:178 - !SESSION log4j initialized
2021-08-28 13:23:28,533 [INFO] Activator:177 - 


2021-08-28 13:23:28,535 [INFO] Activator:178 - !SESSION log4j initialized
2021-08-28 13:27:20,357 [INFO] Activator:177 - 


2021-08-28 13:27:20,359 [INFO] Activator:178 - !SESSION log4j initialized
2021-08-28 13:31:10,447 [INFO] McuFinderGlobals:39 - Set McuFinder mode to 2 (CubeIDE integrated)
2021-08-28 13:31:11,026 [INFO] ApplicationProperties:181 - Using Application install path: E:\STM\STM32CubeIDE_1.7.0\STM32CubeIDE\plugins\com.st.stm32cube.common.mx_6.3.0.202107141111
2021-08-28 13:31:11,073 [INFO] DbMcusXml:74 - Set database path to: E:\STM\STM32CubeIDE_1.7.0\STM32CubeIDE\plugins\com.st.stm32cube.common.mx_6.3.0.202107141111\\db\/mcu/
2021-08-28 13:31:11,080 [INFO] DbBoardsPdsc:56 - Set plugin database path to: E:\STM\STM32CubeIDE_1.7.0\STM32CubeIDE\plugins\com.st.stm32cube.common.mx_6.3.0.202107141111\\db\/plugins/boardmanager/
2021-08-28 13:31:11,080 [INFO] DbMcus:258 - Set plugin images path to: E:\STM\STM32CubeIDE_1.7.0\STM32CubeIDE\plugins\com.st.stm32cube.common.mx_6.3.0.202107141111\\db\/plugins/mcufinder/images/
2021-08-28 13:31:11,081 [INFO] DbBoards:264 - Set plugin images path to: E:\STM\STM32CubeIDE_1.7.0\STM32CubeIDE\plugins\com.st.stm32cube.common.mx_6.3.0.202107141111\\db\/plugins/mcufinder/images/
2021-08-28 13:31:11,084 [INFO] DbExamples:333 - Set plugin images path to: E:\STM\STM32CubeIDE_1.7.0\STM32CubeIDE\plugins\com.st.stm32cube.common.mx_6.3.0.202107141111\\db\/plugins/mcufinder/images/
2021-08-28 13:31:12,830 [ERROR] ApiFinderProperties:213 - Failed to read file additional_hw_images/X-NUCLEO-S2915A1.jpg: C:\Users\pokio\.stmcufinder\plugins\mcufinder\mcu\additional_hw_images\X-NUCLEO-S2915A1.jpg (The system cannot find the path specified)
2021-08-28 13:31:12,833 [ERROR] ApiFinderProperties:213 - Failed to read file additional_hw_images/X-NUCLEO-S2868A2.jpg: C:\Users\pokio\.stmcufinder\plugins\mcufinder\mcu\additional_hw_images\X-NUCLEO-S2868A2.jpg (The system cannot find the path specified)
2021-08-28 13:31:12,836 [ERROR] ApiFinderProperties:213 - Failed to read file additional_hw_images/X-NUCLEO-S2868A1.jpg: C:\Users\pokio\.stmcufinder\plugins\mcufinder\mcu\additional_hw_images\X-NUCLEO-S2868A1.jpg (The system cannot find the path specified)
2021-08-28 13:31:12,839 [ERROR] ApiFinderProperties:213 - Failed to read file additional_hw_images/X-NUCLEO-NFC04A1.jpg: C:\Users\pokio\.stmcufinder\plugins\mcufinder\mcu\additional_hw_images\X-NUCLEO-NFC04A1.jpg (The system cannot find the path specified)
2021-08-28 13:31:12,842 [ERROR] ApiFinderProperties:213 - Failed to read file additional_hw_images/X-NUCLEO-IDB05A2.jpg: C:\Users\pokio\.stmcufinder\plugins\mcufinder\mcu\additional_hw_images\X-NUCLEO-IDB05A2.jpg (The system cannot find the path specified)
2021-08-28 13:31:12,843 [ERROR] ApiFinderProperties:213 - Failed to read file additional_hw_images/X-NUCLEO-EEPRMA2.jpg: C:\Users\pokio\.stmcufinder\plugins\mcufinder\mcu\additional_hw_images\X-NUCLEO-EEPRMA2.jpg (The system cannot find the path specified)
2021-08-28 13:31:12,846 [ERROR] ApiFinderProperties:213 - Failed to read file additional_hw_images/X-NUCLEO-EEPRMA1.jpg: C:\Users\pokio\.stmcufinder\plugins\mcufinder\mcu\additional_hw_images\X-NUCLEO-EEPRMA1.jpg (The system cannot find the path specified)
2021-08-28 13:31:12,848 [ERROR] ApiFinderProperties:213 - Failed to read file additional_hw_images/X-NUCLEO-6283A1.jpg: C:\Users\pokio\.stmcufinder\plugins\mcufinder\mcu\additional_hw_images\X-NUCLEO-6283A1.jpg (The system cannot find the path specified)
2021-08-28 13:31:12,849 [ERROR] ApiFinderProperties:213 - Failed to read file additional_hw_images/VD6283TX.jpg: C:\Users\pokio\.stmcufinder\plugins\mcufinder\mcu\additional_hw_images\VD6283TX.jpg (The system cannot find the path specified)
2021-08-28 13:31:12,851 [ERROR] ApiFinderProperties:213 - Failed to read file additional_hw_images/ST25DV04K.jpg: C:\Users\pokio\.stmcufinder\plugins\mcufinder\mcu\additional_hw_images\ST25DV04K.jpg (The system cannot find the path specified)
2021-08-28 13:31:12,852 [ERROR] ApiFinderProperties:213 - Failed to read file additional_hw_images/S2-LP.jpg: C:\Users\pokio\.stmcufinder\plugins\mcufinder\mcu\additional_hw_images\S2-LP.jpg (The system cannot find the path specified)
2021-08-28 13:31:12,853 [ERROR] ApiFinderProperties:213 - Failed to read file additional_hw_images/M95M04-DR.jpg: C:\Users\pokio\.stmcufinder\plugins\mcufinder\mcu\additional_hw_images\M95M04-DR.jpg (The system cannot find the path specified)
2021-08-28 13:31:12,854 [ERROR] ApiFinderProperties:213 - Failed to read file additional_hw_images/M95M01-DF.jpg: C:\Users\pokio\.stmcufinder\plugins\mcufinder\mcu\additional_hw_images\M95M01-DF.jpg (The system cannot find the path specified)
2021-08-28 13:31:12,854 [ERROR] ApiFinderProperties:213 - Failed to read file additional_hw_images/M95256-DF.jpg: C:\Users\pokio\.stmcufinder\plugins\mcufinder\mcu\additional_hw_images\M95256-DF.jpg (The system cannot find the path specified)
2021-08-28 13:31:12,855 [ERROR] ApiFinderProperties:213 - Failed to read file additional_hw_images/M95040-R.jpg: C:\Users\pokio\.stmcufinder\plugins\mcufinder\mcu\additional_hw_images\M95040-R.jpg (The system cannot find the path specified)
2021-08-28 13:31:12,855 [ERROR] ApiFinderProperties:213 - Failed to read file additional_hw_images/M24M01-DF.jpg: C:\Users\pokio\.stmcufinder\plugins\mcufinder\mcu\additional_hw_images\M24M01-DF.jpg (The system cannot find the path specified)
2021-08-28 13:31:12,855 [ERROR] ApiFinderProperties:213 - Failed to read file additional_hw_images/M24C02-F.jpg: C:\Users\pokio\.stmcufinder\plugins\mcufinder\mcu\additional_hw_images\M24C02-F.jpg (The system cannot find the path specified)
2021-08-28 13:31:12,856 [ERROR] ApiFinderProperties:213 - Failed to read file additional_hw_images/M24256-DF.jpg: C:\Users\pokio\.stmcufinder\plugins\mcufinder\mcu\additional_hw_images\M24256-DF.jpg (The system cannot find the path specified)
2021-08-28 13:31:12,856 [ERROR] ApiFinderProperties:213 - Failed to read file additional_hw_images/BlueNRG-M0.jpg: C:\Users\pokio\.stmcufinder\plugins\mcufinder\mcu\additional_hw_images\BlueNRG-M0.jpg (The system cannot find the path specified)
2021-08-28 13:31:13,025 [WARN] ApiFinderProperties:104 - C:\Users\pokio\.stmcufinder\plugins\mcufinder\mcu\mcuFinder.mfd doesn't exist
2021-08-28 13:31:13,027 [INFO] DbMcusAds:119 - Set database path to: C:\Users\pokio\.stmcufinder\plugins\mcufinder//mcu/
2021-08-28 13:31:13,028 [INFO] DbMcusDocs:110 - Set database path to: C:\Users\pokio\.stmcufinder\plugins\mcufinder//mcu/
2021-08-28 13:31:13,031 [INFO] DbMcusJson:64 - Set database path to: C:\Users\pokio\.stmcufinder\plugins\mcufinder//mcu/
2021-08-28 13:31:13,031 [INFO] DbBoardsDocs:110 - Set database path to: C:\Users\pokio\.stmcufinder\plugins\mcufinder//mcu/
2021-08-28 13:31:13,033 [INFO] DbBoardsJson:57 - Set database path to: C:\Users\pokio\.stmcufinder\plugins\mcufinder//mcu/
2021-08-28 13:31:13,127 [INFO] CrossReferenceDbSqlite:196 - Set database path to: C:\Users\pokio\.stmcufinder\plugins\mcufinder//mcu/cs/
2021-08-28 13:31:13,131 [INFO] DbExamplesSqlite:767 - Set database path to: C:\Users\pokio\.stmcufinder\plugins\mcufinder//mcu/
2021-08-28 13:31:13,301 [INFO] RulesReader:57 - Compatibility file has been processed (242 Rules)
2021-08-28 13:31:13,504 [INFO] DbMcusXml:74 - Set database path to: E:\STM\STM32CubeIDE_1.7.0\STM32CubeIDE\plugins\com.st.stm32cube.common.mx_6.3.0.202107141111\\db\/mcu/
2021-08-28 13:31:13,504 [INFO] DbBoardsPdsc:56 - Set plugin database path to: E:\STM\STM32CubeIDE_1.7.0\STM32CubeIDE\plugins\com.st.stm32cube.common.mx_6.3.0.202107141111\\db\/plugins/boardmanager/
2021-08-28 13:31:13,504 [INFO] DbMcus:258 - Set plugin images path to: E:\STM\STM32CubeIDE_1.7.0\STM32CubeIDE\plugins\com.st.stm32cube.common.mx_6.3.0.202107141111\\db\/plugins/mcufinder/images/
2021-08-28 13:31:13,504 [INFO] DbBoards:264 - Set plugin images path to: E:\STM\STM32CubeIDE_1.7.0\STM32CubeIDE\plugins\com.st.stm32cube.common.mx_6.3.0.202107141111\\db\/plugins/mcufinder/images/
2021-08-28 13:31:13,504 [INFO] DbExamples:333 - Set plugin images path to: E:\STM\STM32CubeIDE_1.7.0\STM32CubeIDE\plugins\com.st.stm32cube.common.mx_6.3.0.202107141111\\db\/plugins/mcufinder/images/
2021-08-28 13:31:13,504 [WARN] DbFile:35 - Overriding database path with different value: C:\Users\pokio\.stmcufinder\plugins\mcufinder/ => C:\Users\pokio\.stmcufinder\plugins\mcufinder
2021-08-28 13:31:13,504 [INFO] DbMcusAds:119 - Set database path to: C:\Users\pokio\.stmcufinder\plugins\mcufinder//mcu/
2021-08-28 13:31:13,504 [WARN] DbFile:35 - Overriding database path with different value: C:\Users\pokio\.stmcufinder\plugins\mcufinder/ => C:\Users\pokio\.stmcufinder\plugins\mcufinder
2021-08-28 13:31:13,504 [INFO] DbMcusDocs:110 - Set database path to: C:\Users\pokio\.stmcufinder\plugins\mcufinder//mcu/
2021-08-28 13:31:13,505 [WARN] DbFile:35 - Overriding database path with different value: C:\Users\pokio\.stmcufinder\plugins\mcufinder/ => C:\Users\pokio\.stmcufinder\plugins\mcufinder
2021-08-28 13:31:13,505 [INFO] DbMcusJson:64 - Set database path to: C:\Users\pokio\.stmcufinder\plugins\mcufinder//mcu/
2021-08-28 13:31:13,505 [WARN] DbFile:35 - Overriding database path with different value: C:\Users\pokio\.stmcufinder\plugins\mcufinder/ => C:\Users\pokio\.stmcufinder\plugins\mcufinder
2021-08-28 13:31:13,505 [INFO] DbBoardsDocs:110 - Set database path to: C:\Users\pokio\.stmcufinder\plugins\mcufinder//mcu/
2021-08-28 13:31:13,505 [WARN] DbFile:35 - Overriding database path with different value: C:\Users\pokio\.stmcufinder\plugins\mcufinder/ => C:\Users\pokio\.stmcufinder\plugins\mcufinder
2021-08-28 13:31:13,505 [INFO] DbBoardsJson:57 - Set database path to: C:\Users\pokio\.stmcufinder\plugins\mcufinder//mcu/
2021-08-28 13:31:13,505 [WARN] DbFile:35 - Overriding database path with different value: C:\Users\pokio\.stmcufinder\plugins\mcufinder/ => C:\Users\pokio\.stmcufinder\plugins\mcufinder
2021-08-28 13:31:13,505 [WARN] DbFile:35 - Overriding database path with different value: C:\Users\pokio\.stmcufinder\plugins\mcufinder/ => C:\Users\pokio\.stmcufinder\plugins\mcufinder
2021-08-28 13:31:13,505 [INFO] CrossReferenceDbSqlite:196 - Set database path to: C:\Users\pokio\.stmcufinder\plugins\mcufinder//mcu/cs/
2021-08-28 13:31:13,505 [WARN] DbFile:35 - Overriding database path with different value: C:\Users\pokio\.stmcufinder\plugins\mcufinder/ => C:\Users\pokio\.stmcufinder\plugins\mcufinder
2021-08-28 13:31:13,505 [INFO] DbExamplesSqlite:767 - Set database path to: C:\Users\pokio\.stmcufinder\plugins\mcufinder//mcu/
2021-08-28 13:31:13,671 [INFO] MainPanel:214 - HeapMemory: 411041792
2021-08-28 13:31:13,923 [INFO] DbMcusXml:74 - Set database path to: E:\STM\STM32CubeIDE_1.7.0\STM32CubeIDE\plugins\com.st.stm32cube.common.mx_6.3.0.202107141111\\db\/mcu/
2021-08-28 13:31:13,923 [INFO] DbBoardsPdsc:56 - Set plugin database path to: E:\STM\STM32CubeIDE_1.7.0\STM32CubeIDE\plugins\com.st.stm32cube.common.mx_6.3.0.202107141111\\db\/plugins/boardmanager/
2021-08-28 13:31:13,923 [INFO] DbMcus:258 - Set plugin images path to: E:\STM\STM32CubeIDE_1.7.0\STM32CubeIDE\plugins\com.st.stm32cube.common.mx_6.3.0.202107141111\\db\/plugins/mcufinder/images/
2021-08-28 13:31:13,923 [INFO] DbBoards:264 - Set plugin images path to: E:\STM\STM32CubeIDE_1.7.0\STM32CubeIDE\plugins\com.st.stm32cube.common.mx_6.3.0.202107141111\\db\/plugins/mcufinder/images/
2021-08-28 13:31:13,923 [INFO] DbExamples:333 - Set plugin images path to: E:\STM\STM32CubeIDE_1.7.0\STM32CubeIDE\plugins\com.st.stm32cube.common.mx_6.3.0.202107141111\\db\/plugins/mcufinder/images/
2021-08-28 13:31:13,925 [WARN] DbFile:35 - Overriding database path with different value: C:\Users\pokio\.stmcufinder\plugins\mcufinder/ => C:\Users\pokio\.stmcufinder\plugins\mcufinder
2021-08-28 13:31:13,925 [INFO] DbMcusAds:119 - Set database path to: C:\Users\pokio\.stmcufinder\plugins\mcufinder//mcu/
2021-08-28 13:31:13,925 [WARN] DbFile:35 - Overriding database path with different value: C:\Users\pokio\.stmcufinder\plugins\mcufinder/ => C:\Users\pokio\.stmcufinder\plugins\mcufinder
2021-08-28 13:31:13,925 [INFO] DbMcusDocs:110 - Set database path to: C:\Users\pokio\.stmcufinder\plugins\mcufinder//mcu/
2021-08-28 13:31:13,925 [WARN] DbFile:35 - Overriding database path with different value: C:\Users\pokio\.stmcufinder\plugins\mcufinder/ => C:\Users\pokio\.stmcufinder\plugins\mcufinder
2021-08-28 13:31:13,925 [INFO] DbMcusJson:64 - Set database path to: C:\Users\pokio\.stmcufinder\plugins\mcufinder//mcu/
2021-08-28 13:31:13,925 [WARN] DbFile:35 - Overriding database path with different value: C:\Users\pokio\.stmcufinder\plugins\mcufinder/ => C:\Users\pokio\.stmcufinder\plugins\mcufinder
2021-08-28 13:31:13,925 [INFO] DbBoardsDocs:110 - Set database path to: C:\Users\pokio\.stmcufinder\plugins\mcufinder//mcu/
2021-08-28 13:31:13,925 [WARN] DbFile:35 - Overriding database path with different value: C:\Users\pokio\.stmcufinder\plugins\mcufinder/ => C:\Users\pokio\.stmcufinder\plugins\mcufinder
2021-08-28 13:31:13,926 [INFO] DbBoardsJson:57 - Set database path to: C:\Users\pokio\.stmcufinder\plugins\mcufinder//mcu/
2021-08-28 13:31:13,926 [WARN] DbFile:35 - Overriding database path with different value: C:\Users\pokio\.stmcufinder\plugins\mcufinder/ => C:\Users\pokio\.stmcufinder\plugins\mcufinder
2021-08-28 13:31:13,926 [WARN] DbFile:35 - Overriding database path with different value: C:\Users\pokio\.stmcufinder\plugins\mcufinder/ => C:\Users\pokio\.stmcufinder\plugins\mcufinder
2021-08-28 13:31:13,926 [INFO] CrossReferenceDbSqlite:196 - Set database path to: C:\Users\pokio\.stmcufinder\plugins\mcufinder//mcu/cs/
2021-08-28 13:31:13,926 [WARN] DbFile:35 - Overriding database path with different value: C:\Users\pokio\.stmcufinder\plugins\mcufinder/ => C:\Users\pokio\.stmcufinder\plugins\mcufinder
2021-08-28 13:31:13,926 [INFO] DbExamplesSqlite:767 - Set database path to: C:\Users\pokio\.stmcufinder\plugins\mcufinder//mcu/
2021-08-28 13:31:13,963 [INFO] ApplicationProperties:181 - Using Application install path: E:\STM\STM32CubeIDE_1.7.0\STM32CubeIDE\plugins\com.st.stm32cube.common.mx_6.3.0.202107141111
2021-08-28 13:31:13,964 [INFO] PluginManage:188 - Search for loadable plugins [exclusion list=, ]
2021-08-28 13:31:13,966 [INFO] PluginManage:302 - Check plugin analytics
2021-08-28 13:31:14,252 [INFO] AnalyticsPlugin:257 - Accepted Software Licenses: 
2021-08-28 13:31:14,253 [INFO] AnalyticsPlugin:259 - Accepted CMSIS Pack Licenses: 
2021-08-28 13:31:14,253 [INFO] AnalyticsPlugin:261 - Accepted Firmware Licenses: 
2021-08-28 13:31:14,254 [INFO] PluginManage:352 - Loaded plugin analytics (category:tool,tabindex:-1)
2021-08-28 13:31:14,254 [INFO] PluginManage:302 - Check plugin clock
2021-08-28 13:31:14,303 [INFO] PluginManage:352 - Loaded plugin clock (category:base,tabindex:2)
2021-08-28 13:31:14,303 [INFO] PluginManage:302 - Check plugin ddr
2021-08-28 13:31:14,325 [INFO] PluginManage:352 - Loaded plugin ddr (category:tool,tabindex:6)
2021-08-28 13:31:14,325 [INFO] PluginManage:302 - Check plugin filemanager
2021-08-28 13:31:14,530 [INFO] PluginManage:352 - Loaded plugin filemanager (category:base,tabindex:10)
2021-08-28 13:31:14,530 [INFO] PluginManage:302 - Check plugin ipmanager
2021-08-28 13:31:14,561 [INFO] PluginManage:352 - Loaded plugin ipmanager (category:base,tabindex:5)
2021-08-28 13:31:14,561 [INFO] PluginManage:302 - Check plugin pinoutandconfiguration
2021-08-28 13:31:14,576 [INFO] PluginManage:352 - Loaded plugin pinoutandconfiguration (category:base,tabindex:1)
2021-08-28 13:31:14,576 [INFO] PluginManage:302 - Check plugin pinoutconfig
2021-08-28 13:31:14,618 [INFO] PluginManage:352 - Loaded plugin pinoutconfig (category:base,tabindex:0)
2021-08-28 13:31:14,618 [INFO] PluginManage:302 - Check plugin power
2021-08-28 13:31:14,681 [INFO] PluginManage:352 - Loaded plugin power (category:power,tabindex:4)
2021-08-28 13:31:14,681 [INFO] PluginManage:302 - Check plugin projectmanager
2021-08-28 13:31:14,707 [INFO] PluginManage:352 - Loaded plugin projectmanager (category:projectmanager,tabindex:3)
2021-08-28 13:31:14,707 [INFO] PluginManage:302 - Check plugin thirdparty
2021-08-28 13:31:15,007 [WARN] IntegrityCheckThread:78 - waiting for thirdparty lock release [integrity check]
2021-08-28 13:31:15,008 [INFO] PluginManage:352 - Loaded plugin thirdparty (category:base,tabindex:-1)
2021-08-28 13:31:15,008 [INFO] IntegrityCheckThread:80 - entering critical section [integrity check]
2021-08-28 13:31:15,009 [INFO] PluginManage:302 - Check plugin tools
2021-08-28 13:31:15,009 [INFO] ThirdPartyUpdaterWithRetryManager:66 - Updater plugin not ready yet. [1/15]
2021-08-28 13:31:15,050 [INFO] PluginManage:352 - Loaded plugin tools (category:base,tabindex:7)
2021-08-28 13:31:15,050 [INFO] PluginManage:302 - Check plugin tutovideos
2021-08-28 13:31:15,426 [INFO] PluginManage:352 - Loaded plugin tutovideos (category:base,tabindex:-1)
2021-08-28 13:31:15,426 [INFO] PluginManage:302 - Check plugin updater
2021-08-28 13:31:15,454 [INFO] PluginManage:352 - Loaded plugin updater (category:base,tabindex:12)
2021-08-28 13:31:15,454 [INFO] PluginManage:275 - PluginManage : Loaded plugins [13]
2021-08-28 13:31:15,678 [INFO] PinOutPanel:1463 - setPackage(No Configuration,No Configuration)
2021-08-28 13:31:15,810 [INFO] IPUIPlugin:74 - create IPUIPlugin
2021-08-28 13:31:15,811 [INFO] PluginManager:213 - loadIPPluginJar : add adc
2021-08-28 13:31:15,814 [INFO] IPUIPlugin:74 - create IPUIPlugin
2021-08-28 13:31:15,814 [INFO] PluginManager:213 - loadIPPluginJar : add aes
2021-08-28 13:31:15,819 [INFO] IPUIPlugin:74 - create IPUIPlugin
2021-08-28 13:31:15,819 [INFO] PluginManager:213 - loadIPPluginJar : add can
2021-08-28 13:31:15,822 [INFO] IPUIPlugin:74 - create IPUIPlugin
2021-08-28 13:31:15,822 [INFO] PluginManager:213 - loadIPPluginJar : add comp
2021-08-28 13:31:15,837 [INFO] IPUIPlugin:74 - create IPUIPlugin
2021-08-28 13:31:15,837 [INFO] PluginManager:213 - loadIPPluginJar : add cryp
2021-08-28 13:31:15,853 [INFO] IPUIPlugin:74 - create IPUIPlugin
2021-08-28 13:31:15,853 [INFO] PluginManager:213 - loadIPPluginJar : add dfsdm
2021-08-28 13:31:15,860 [INFO] IPUIPlugin:74 - create IPUIPlugin
2021-08-28 13:31:15,861 [INFO] PluginManager:213 - loadIPPluginJar : add dma
2021-08-28 13:31:15,875 [INFO] IPUIPlugin:74 - create IPUIPlugin
2021-08-28 13:31:15,875 [INFO] PluginManager:213 - loadIPPluginJar : add dma3
2021-08-28 13:31:15,891 [INFO] IPUIPlugin:74 - create IPUIPlugin
2021-08-28 13:31:15,891 [INFO] PluginManager:213 - loadIPPluginJar : add fatfs
2021-08-28 13:31:15,906 [INFO] IPUIPlugin:74 - create IPUIPlugin
2021-08-28 13:31:15,906 [INFO] PluginManager:213 - loadIPPluginJar : add fmc
2021-08-28 13:31:15,919 [INFO] IPUIPlugin:74 - create IPUIPlugin
2021-08-28 13:31:15,919 [INFO] PluginManager:213 - loadIPPluginJar : add freertos
2021-08-28 13:31:15,923 [INFO] IPUIPlugin:74 - create IPUIPlugin
2021-08-28 13:31:15,923 [INFO] PluginManager:213 - loadIPPluginJar : add genericplugin
2021-08-28 13:31:15,944 [INFO] IPUIPlugin:74 - create IPUIPlugin
2021-08-28 13:31:15,944 [INFO] PluginManager:213 - loadIPPluginJar : add gfxmmu
2021-08-28 13:31:15,952 [INFO] IPUIPlugin:74 - create IPUIPlugin
2021-08-28 13:31:15,953 [INFO] PluginManager:213 - loadIPPluginJar : add gic
2021-08-28 13:31:15,970 [INFO] IPUIPlugin:74 - create IPUIPlugin
2021-08-28 13:31:15,971 [INFO] PluginManager:213 - loadIPPluginJar : add gpio
2021-08-28 13:31:15,976 [INFO] IPUIPlugin:74 - create IPUIPlugin
2021-08-28 13:31:15,976 [INFO] PluginManager:213 - loadIPPluginJar : add gtzc
2021-08-28 13:31:15,981 [INFO] IPUIPlugin:74 - create IPUIPlugin
2021-08-28 13:31:15,981 [INFO] PluginManager:213 - loadIPPluginJar : add hash
2021-08-28 13:31:16,014 [INFO] IPUIPlugin:74 - create IPUIPlugin
2021-08-28 13:31:16,014 [INFO] PluginManager:213 - loadIPPluginJar : add i2c
2021-08-28 13:31:16,049 [INFO] IPUIPlugin:74 - create IPUIPlugin
2021-08-28 13:31:16,049 [INFO] PluginManager:213 - loadIPPluginJar : add i2s
2021-08-28 13:31:16,054 [INFO] IPUIPlugin:74 - create IPUIPlugin
2021-08-28 13:31:16,054 [INFO] PluginManager:213 - loadIPPluginJar : add ipddr
2021-08-28 13:31:16,063 [INFO] IPUIPlugin:74 - create IPUIPlugin
2021-08-28 13:31:16,063 [INFO] PluginManager:213 - loadIPPluginJar : add linkedlist
2021-08-28 13:31:16,071 [INFO] IPUIPlugin:74 - create IPUIPlugin
2021-08-28 13:31:16,071 [INFO] PluginManager:213 - loadIPPluginJar : add lorawan
2021-08-28 13:31:16,074 [INFO] IPUIPlugin:74 - create IPUIPlugin
2021-08-28 13:31:16,075 [INFO] PluginManager:213 - loadIPPluginJar : add ltdc
2021-08-28 13:31:16,093 [INFO] IPUIPlugin:74 - create IPUIPlugin
2021-08-28 13:31:16,093 [INFO] PluginManager:213 - loadIPPluginJar : add mdma
2021-08-28 13:31:16,111 [INFO] IPUIPlugin:74 - create IPUIPlugin
2021-08-28 13:31:16,112 [INFO] PluginManager:213 - loadIPPluginJar : add nvic
2021-08-28 13:31:16,117 [INFO] IPUIPlugin:74 - create IPUIPlugin
2021-08-28 13:31:16,117 [INFO] PluginManager:213 - loadIPPluginJar : add opamp
2021-08-28 13:31:16,123 [INFO] IPUIPlugin:74 - create IPUIPlugin
2021-08-28 13:31:16,123 [INFO] PluginManager:213 - loadIPPluginJar : add openamp
2021-08-28 13:31:16,131 [INFO] IPUIPlugin:74 - create IPUIPlugin
2021-08-28 13:31:16,131 [INFO] PluginManager:213 - loadIPPluginJar : add pdm2pcm
2021-08-28 13:31:16,142 [INFO] IPUIPlugin:74 - create IPUIPlugin
2021-08-28 13:31:16,144 [INFO] PluginManager:213 - loadIPPluginJar : add plateformsettings
2021-08-28 13:31:16,148 [INFO] IPUIPlugin:74 - create IPUIPlugin
2021-08-28 13:31:16,148 [INFO] PluginManager:213 - loadIPPluginJar : add quadspi
2021-08-28 13:31:16,165 [INFO] IPUIPlugin:74 - create IPUIPlugin
2021-08-28 13:31:16,165 [INFO] PluginManager:213 - loadIPPluginJar : add resmgrutility
2021-08-28 13:31:16,171 [INFO] IPUIPlugin:74 - create IPUIPlugin
2021-08-28 13:31:16,171 [INFO] PluginManager:213 - loadIPPluginJar : add sai
2021-08-28 13:31:16,175 [INFO] IPUIPlugin:74 - create IPUIPlugin
2021-08-28 13:31:16,176 [INFO] PluginManager:213 - loadIPPluginJar : add spi
2021-08-28 13:31:16,182 [INFO] IPUIPlugin:74 - create IPUIPlugin
2021-08-28 13:31:16,182 [INFO] PluginManager:213 - loadIPPluginJar : add stm32_wpan
2021-08-28 13:31:16,186 [INFO] IPUIPlugin:74 - create IPUIPlugin
2021-08-28 13:31:16,187 [INFO] PluginManager:213 - loadIPPluginJar : add tim
2021-08-28 13:31:16,192 [INFO] IPUIPlugin:74 - create IPUIPlugin
2021-08-28 13:31:16,192 [INFO] PluginManager:213 - loadIPPluginJar : add touchsensing
2021-08-28 13:31:16,196 [INFO] IPUIPlugin:74 - create IPUIPlugin
2021-08-28 13:31:16,197 [INFO] PluginManager:213 - loadIPPluginJar : add tracer_emb
2021-08-28 13:31:16,215 [INFO] IPUIPlugin:74 - create IPUIPlugin
2021-08-28 13:31:16,215 [INFO] PluginManager:213 - loadIPPluginJar : add ts
2021-08-28 13:31:16,226 [INFO] IPUIPlugin:74 - create IPUIPlugin
2021-08-28 13:31:16,226 [INFO] PluginManager:213 - loadIPPluginJar : add tsc
2021-08-28 13:31:16,229 [INFO] IPUIPlugin:74 - create IPUIPlugin
2021-08-28 13:31:16,229 [INFO] PluginManager:213 - loadIPPluginJar : add ucpd
2021-08-28 13:31:16,236 [INFO] IPUIPlugin:74 - create IPUIPlugin
2021-08-28 13:31:16,236 [INFO] PluginManager:213 - loadIPPluginJar : add usart
2021-08-28 13:31:16,242 [INFO] IPUIPlugin:74 - create IPUIPlugin
2021-08-28 13:31:16,243 [INFO] PluginManager:213 - loadIPPluginJar : add usbx
2021-08-28 13:31:16,740 [FATAL] Updater:294 - Updater called before beeing initialized
2021-08-28 13:31:16,864 [FATAL] Updater:294 - Updater called before beeing initialized
2021-08-28 13:31:16,868 [INFO] DbMcusAds:47 - JSON generation date=Tue May 11 11:32:49 EDT 2021 (1620747169502)
2021-08-28 13:31:16,868 [FATAL] Updater:294 - Updater called before beeing initialized
2021-08-28 13:31:16,964 [WARN] DetailPanel:314 - Failed to get advertising image, set to default
2021-08-28 13:31:17,073 [FATAL] Updater:294 - Updater called before beeing initialized
2021-08-28 13:31:17,076 [FATAL] Updater:294 - Updater called before beeing initialized
2021-08-28 13:31:17,076 [FATAL] Updater:294 - Updater called before beeing initialized
2021-08-28 13:31:17,076 [WARN] DetailPanel:314 - Failed to get advertising image, set to default
2021-08-28 13:31:17,077 [FATAL] Updater:294 - Updater called before beeing initialized
2021-08-28 13:31:17,156 [ERROR] Updater:1075 - MainUpdater not yet initialized. External WinMGr cannot be set.
2021-08-28 13:31:17,164 [INFO] Updater:1012 - Updater Version found : 6.3.0
2021-08-28 13:31:17,194 [INFO] ApplicationProperties:181 - Using Application install path: E:\STM\STM32CubeIDE_1.7.0\STM32CubeIDE\plugins\com.st.stm32cube.common.mx_6.3.0.202107141111
2021-08-28 13:31:17,233 [INFO] MainUpdater:489 - Copy updater definitions from MX database
2021-08-28 13:31:17,272 [INFO] MainUpdater:522 - Copy flag file definitions from MX database
2021-08-28 13:31:17,290 [INFO] MainUpdater:538 - Copy thirdparty index definitions from MX database
2021-08-28 13:31:17,315 [INFO] MainUpdater:557 - Copy default thirdparty db definitions from MX database
2021-08-28 13:31:17,977 [INFO] MainUpdater:2671 - connection check result : 10
2021-08-28 13:31:17,977 [INFO] MainUpdater:3359 - Updater definition file requires update
2021-08-28 13:31:17,978 [INFO] MainUpdater:265 - Updater Check For Update Now.
2021-08-28 13:31:17,979 [INFO] MicroXplorer:478 - Change Database Version : DB.6.0.30
2021-08-28 13:31:18,024 [WARN] MainUpdater:1122 - Updater busy. Cannot search thirdparties
2021-08-28 13:31:18,024 [INFO] ThirdPartyUpdaterWithRetryManager:92 - Updater plugin is busy. [1/15]
2021-08-28 13:31:18,130 [INFO] ServerAccessManage:362 - Download File updaters.zip
2021-08-28 13:31:18,251 [INFO] FileExtend:235 - Unzip File : updaters.zip
2021-08-28 13:31:18,251 [INFO] FileExtend:250 - Standard Zip Deflate
2021-08-28 13:31:18,687 [INFO] ServerAccessManage:362 - Download File PacksControlFlags.xml
2021-08-28 13:31:18,834 [INFO] ServerAccessManage:362 - Download File cubemx.pidx
2021-08-28 13:31:19,029 [INFO] ServerAccessManage:362 - Download File STMicroelectronics.X-CUBE-AI.pdsc
2021-08-28 13:31:20,789 [INFO] ServerAccessManage:362 - Download File STMicroelectronics.X-CUBE-ALS.pdsc
2021-08-28 13:31:21,039 [WARN] MainUpdater:1122 - Updater busy. Cannot search thirdparties
2021-08-28 13:31:21,039 [INFO] ThirdPartyUpdaterWithRetryManager:92 - Updater plugin is busy. [2/15]
2021-08-28 13:31:21,073 [INFO] ServerAccessManage:362 - Download File STMicroelectronics.X-CUBE-BLE1.pdsc
2021-08-28 13:31:22,053 [ERROR] ServerAccessManage:974 - Problem, file not found on Server
2021-08-28 13:31:22,089 [INFO] ServerAccessManage:362 - Download File STMicroelectronics.X-CUBE-BLE2.pdsc
2021-08-28 13:31:22,560 [INFO] ServerAccessManage:362 - Download File STMicroelectronics.X-CUBE-DISPLAY.pdsc
2021-08-28 13:31:22,639 [INFO] ServerAccessManage:362 - Download File STMicroelectronics.X-CUBE-EEPRMA1.pdsc
2021-08-28 13:31:22,919 [INFO] ServerAccessManage:362 - Download File STMicroelectronics.X-CUBE-GNSS1.pdsc
2021-08-28 13:31:23,868 [ERROR] ServerAccessManage:974 - Problem, file not found on Server
2021-08-28 13:31:23,974 [ERROR] ServerAccessManage:974 - Problem, file not found on Server
2021-08-28 13:31:24,047 [WARN] MainUpdater:1122 - Updater busy. Cannot search thirdparties
2021-08-28 13:31:24,047 [INFO] ThirdPartyUpdaterWithRetryManager:92 - Updater plugin is busy. [3/15]
2021-08-28 13:31:24,084 [ERROR] ServerAccessManage:974 - Problem, file not found on Server
2021-08-28 13:31:24,193 [ERROR] ServerAccessManage:974 - Problem, file not found on Server
2021-08-28 13:31:24,299 [ERROR] ServerAccessManage:974 - Problem, file not found on Server
2021-08-28 13:31:24,410 [ERROR] ServerAccessManage:974 - Problem, file not found on Server
2021-08-28 13:31:24,450 [INFO] ServerAccessManage:362 - Download File STMicroelectronics.X-CUBE-MEMS1.pdsc
2021-08-28 13:31:26,330 [INFO] ServerAccessManage:362 - Download File STMicroelectronics.X-CUBE-NFC4.pdsc
2021-08-28 13:31:27,053 [WARN] MainUpdater:1122 - Updater busy. Cannot search thirdparties
2021-08-28 13:31:27,053 [INFO] ThirdPartyUpdaterWithRetryManager:92 - Updater plugin is busy. [4/15]
2021-08-28 13:31:27,340 [INFO] ServerAccessManage:362 - Download File STMicroelectronics.X-CUBE-SFXS2LP1.pdsc
2021-08-28 13:31:27,745 [INFO] ServerAccessManage:362 - Download File STMicroelectronics.X-CUBE-SUBG2.pdsc
2021-08-28 13:31:28,858 [INFO] ServerAccessManage:362 - Download File STMicroelectronics.X-CUBE-TOF1.pdsc
2021-08-28 13:31:28,935 [INFO] MainUpdater:2671 - connection check result : 10
2021-08-28 13:31:29,039 [ERROR] ServerAccessManage:974 - Problem, file not found on Server
2021-08-28 13:31:29,203 [INFO] ServerAccessManage:362 - Download File STMicroelectronics.X-CUBE-TOUCHGFX.pdsc
2021-08-28 13:31:29,940 [INFO] ServerAccessManage:362 - Download File STMicroelectronics.X-CUBE-ALGOBUILD.pdsc
2021-08-28 13:31:30,065 [WARN] MainUpdater:1122 - Updater busy. Cannot search thirdparties
2021-08-28 13:31:30,065 [INFO] ThirdPartyUpdaterWithRetryManager:92 - Updater plugin is busy. [5/15]
2021-08-28 13:31:30,623 [INFO] ServerAccessManage:362 - Download File STMicroelectronics.X-CUBE-AZRTOS-H7.pdsc
2021-08-28 13:31:31,332 [INFO] ServerAccessManage:362 - Download File wolfSSL.I-CUBE-wolfSSL.pdsc
2021-08-28 13:31:33,073 [WARN] MainUpdater:1122 - Updater busy. Cannot search thirdparties
2021-08-28 13:31:33,073 [INFO] ThirdPartyUpdaterWithRetryManager:92 - Updater plugin is busy. [6/15]
2021-08-28 13:31:33,099 [ERROR] ServerAccessManage:974 - Problem, file not found on Server
2021-08-28 13:31:33,791 [ERROR] ServerAccessManage:974 - Problem, file not found on Server
2021-08-28 13:31:34,497 [ERROR] ServerAccessManage:974 - Problem, file not found on Server
2021-08-28 13:31:34,684 [INFO] ServerAccessManage:362 - Download File RoweBots.I-CUBE-UNISONRTOS.pdsc
2021-08-28 13:31:35,327 [ERROR] ServerAccessManage:974 - Problem, file not found on Server
2021-08-28 13:31:35,881 [ERROR] ServerAccessManage:974 - Problem, file not found on Server
2021-08-28 13:31:36,085 [WARN] MainUpdater:1122 - Updater busy. Cannot search thirdparties
2021-08-28 13:31:36,085 [INFO] ThirdPartyUpdaterWithRetryManager:92 - Updater plugin is busy. [7/15]
2021-08-28 13:31:36,376 [ERROR] ServerAccessManage:974 - Problem, file not found on Server
2021-08-28 13:31:36,861 [ERROR] ServerAccessManage:974 - Problem, file not found on Server
2021-08-28 13:31:37,484 [INFO] ServerAccessManage:362 - Download File SEGGER.I-CUBE-embOS.pdsc
2021-08-28 13:31:38,407 [WARN] PackLoader:238 - Cannot read IP mode file for STMicroelectronics.X-CUBE-AI.7.0.0
2021-08-28 13:31:38,415 [WARN] PackLoader:238 - Cannot read IP mode file for STMicroelectronics.X-CUBE-ALS.1.0.1
2021-08-28 13:31:38,421 [WARN] PackLoader:238 - Cannot read IP mode file for STMicroelectronics.X-CUBE-BLE1.6.2.1
2021-08-28 13:31:38,427 [WARN] PackLoader:238 - Cannot read IP mode file for STMicroelectronics.X-CUBE-BLE2.3.2.1
2021-08-28 13:31:38,435 [WARN] PackLoader:238 - Cannot read IP mode file for STMicroelectronics.X-CUBE-DISPLAY.1.0.0
2021-08-28 13:31:38,440 [WARN] PackLoader:238 - Cannot read IP mode file for STMicroelectronics.X-CUBE-EEPRMA1.3.1.0
2021-08-28 13:31:38,448 [WARN] PackLoader:238 - Cannot read IP mode file for STMicroelectronics.X-CUBE-GNSS1.5.2.0
2021-08-28 13:31:38,504 [WARN] PackLoader:238 - Cannot read IP mode file for STMicroelectronics.X-CUBE-MEMS1.9.0.0
2021-08-28 13:31:38,512 [INFO] CheckServerUpdateThread:112 - End of CheckServer Thread
2021-08-28 13:31:38,606 [INFO] McuFinderGlobals:52 - Set McuFinderConnectedMode to true
2021-08-28 13:31:38,676 [WARN] PackLoader:238 - Cannot read IP mode file for STMicroelectronics.X-CUBE-NFC4.2.0.3
2021-08-28 13:31:38,685 [WARN] PackLoader:238 - Cannot read IP mode file for STMicroelectronics.X-CUBE-SFXS2LP1.3.1.0
2021-08-28 13:31:38,704 [WARN] PackLoader:238 - Cannot read IP mode file for STMicroelectronics.X-CUBE-SUBG2.4.2.0
2021-08-28 13:31:38,718 [WARN] PackLoader:238 - Cannot read IP mode file for STMicroelectronics.X-CUBE-TOF1.2.0.0
2021-08-28 13:31:38,724 [WARN] PackLoader:238 - Cannot read IP mode file for STMicroelectronics.X-CUBE-TOUCHGFX.4.17.0
2021-08-28 13:31:38,731 [WARN] PackLoader:238 - Cannot read IP mode file for STMicroelectronics.X-CUBE-ALGOBUILD.1.2.1
2021-08-28 13:31:38,758 [WARN] PackLoader:238 - Cannot read IP mode file for STMicroelectronics.X-CUBE-AZRTOS-H7.1.1.0
2021-08-28 13:31:38,768 [WARN] PackLoader:238 - Cannot read IP mode file for wolfSSL.I-CUBE-wolfSSL.4.8.0
2021-08-28 13:31:38,775 [WARN] PackLoader:238 - Cannot read IP mode file for RoweBots.I-CUBE-UNISONRTOS.5.5.0-4
2021-08-28 13:31:38,815 [WARN] PackLoader:238 - Cannot read IP mode file for SEGGER.I-CUBE-embOS.1.2.0
2021-08-28 13:31:38,854 [INFO] PopulateThirdPartyThread:60 - Ending populate Thread
2021-08-28 13:31:38,856 [INFO] ThirdParty:967 - CMSIS Pack Vendor :STMicroelectronics X-CUBE-AI 7.0.0
2021-08-28 13:31:38,856 [INFO] ThirdParty:967 - CMSIS Pack Vendor :STMicroelectronics X-CUBE-SFXS2LP1 3.1.0
2021-08-28 13:31:38,856 [INFO] ThirdParty:967 - CMSIS Pack Vendor :RoweBots I-CUBE-UNISONRTOS 5.5.0-4
2021-08-28 13:31:38,856 [INFO] ThirdParty:967 - CMSIS Pack Vendor :STMicroelectronics X-CUBE-ALGOBUILD 1.2.1
2021-08-28 13:31:38,856 [INFO] ThirdParty:967 - CMSIS Pack Vendor :STMicroelectronics X-CUBE-DISPLAY 1.0.0
2021-08-28 13:31:38,856 [INFO] ThirdParty:967 - CMSIS Pack Vendor :STMicroelectronics X-CUBE-EEPRMA1 3.1.0
2021-08-28 13:31:38,856 [INFO] ThirdParty:967 - CMSIS Pack Vendor :SEGGER I-CUBE-embOS 1.2.0
2021-08-28 13:31:38,856 [INFO] ThirdParty:967 - CMSIS Pack Vendor :STMicroelectronics X-CUBE-TOF1 2.0.0
2021-08-28 13:31:38,856 [INFO] ThirdParty:967 - CMSIS Pack Vendor :STMicroelectronics X-CUBE-GNSS1 5.2.0
2021-08-28 13:31:38,856 [INFO] ThirdParty:967 - CMSIS Pack Vendor :STMicroelectronics X-CUBE-BLE1 6.2.1
2021-08-28 13:31:38,857 [INFO] ThirdParty:967 - CMSIS Pack Vendor :STMicroelectronics X-CUBE-BLE2 3.2.1
2021-08-28 13:31:38,857 [INFO] ThirdParty:967 - CMSIS Pack Vendor :STMicroelectronics X-CUBE-MEMS1 9.0.0
2021-08-28 13:31:38,857 [INFO] ThirdParty:967 - CMSIS Pack Vendor :STMicroelectronics X-CUBE-NFC4 2.0.3
2021-08-28 13:31:38,857 [INFO] ThirdParty:967 - CMSIS Pack Vendor :STMicroelectronics X-CUBE-SUBG2 4.2.0
2021-08-28 13:31:38,857 [INFO] ThirdParty:967 - CMSIS Pack Vendor :STMicroelectronics X-CUBE-AZRTOS-H7 1.1.0
2021-08-28 13:31:38,857 [INFO] ThirdParty:967 - CMSIS Pack Vendor :wolfSSL I-CUBE-wolfSSL 4.8.0
2021-08-28 13:31:38,857 [INFO] ThirdParty:967 - CMSIS Pack Vendor :STMicroelectronics X-CUBE-TOUCHGFX 4.17.0
2021-08-28 13:31:38,857 [INFO] ThirdParty:967 - CMSIS Pack Vendor :STMicroelectronics X-CUBE-ALS 1.0.1
2021-08-28 13:31:38,858 [INFO] LoadServerUpdatesThread:339 - End of LoadServerUpdate Thread
2021-08-28 13:31:38,975 [INFO] ServerAccessManage:362 - Download File mcusAds.json._tmp_
2021-08-28 13:31:39,091 [WARN] MainUpdater:1122 - Updater busy. Cannot search thirdparties
2021-08-28 13:31:39,091 [INFO] ThirdPartyUpdaterWithRetryManager:92 - Updater plugin is busy. [8/15]
2021-08-28 13:31:39,097 [INFO] LoadUrlFilesThread:145 - End of LoadUrlFiles Thread
2021-08-28 13:31:39,749 [INFO] ServerAccessManage:362 - Download File mcusDocs.json._tmp_
2021-08-28 13:31:40,115 [INFO] LoadUrlFilesThread:145 - End of LoadUrlFiles Thread
2021-08-28 13:31:40,263 [INFO] ServerAccessManage:362 - Download File mcusFeaturesAndDescription.json._tmp_
2021-08-28 13:31:41,010 [INFO] LoadUrlFilesThread:145 - End of LoadUrlFiles Thread
2021-08-28 13:31:41,168 [INFO] ServerAccessManage:362 - Download File boardsDocs.json._tmp_
2021-08-28 13:31:41,360 [INFO] LoadUrlFilesThread:145 - End of LoadUrlFiles Thread
2021-08-28 13:31:41,517 [INFO] ServerAccessManage:362 - Download File boards.json._tmp_
2021-08-28 13:31:41,721 [INFO] LoadUrlFilesThread:145 - End of LoadUrlFiles Thread
2021-08-28 13:31:42,101 [WARN] MainUpdater:1122 - Updater busy. Cannot search thirdparties
2021-08-28 13:31:42,101 [INFO] ThirdPartyUpdaterWithRetryManager:92 - Updater plugin is busy. [9/15]
2021-08-28 13:31:42,566 [INFO] ServerAccessManage:362 - Download File cube-finder-db.zip
2021-08-28 13:31:43,999 [INFO] FileExtend:235 - Unzip File : cube-finder-db.zip
2021-08-28 13:31:44,000 [INFO] FileExtend:250 - Standard Zip Deflate
2021-08-28 13:31:44,532 [INFO] LoadUrlFilesThread:145 - End of LoadUrlFiles Thread
2021-08-28 13:31:45,104 [WARN] MainUpdater:1122 - Updater busy. Cannot search thirdparties
2021-08-28 13:31:45,104 [INFO] ThirdPartyUpdaterWithRetryManager:92 - Updater plugin is busy. [10/15]
2021-08-28 13:31:45,119 [INFO] ServerAccessManage:362 - Download File crdb.zip
2021-08-28 13:31:45,704 [INFO] FileExtend:235 - Unzip File : crdb.zip
2021-08-28 13:31:45,704 [INFO] FileExtend:250 - Standard Zip Deflate
2021-08-28 13:31:45,841 [INFO] LoadUrlFilesThread:145 - End of LoadUrlFiles Thread
2021-08-28 13:31:46,315 [INFO] ServerAccessManage:362 - Download File tutoVideoDB.zip
2021-08-28 13:31:46,373 [INFO] FileExtend:235 - Unzip File : tutoVideoDB.zip
2021-08-28 13:31:46,374 [INFO] FileExtend:250 - Standard Zip Deflate
2021-08-28 13:31:46,492 [INFO] LoadUrlFilesThread:145 - End of LoadUrlFiles Thread
2021-08-28 13:31:46,493 [INFO] DbMcusAds:47 - JSON generation date=Wed Aug 18 10:13:16 EDT 2021 (1629295996946)
2021-08-28 13:31:46,509 [INFO] DbMcusDocs:143 - JSON generation date=Mon Jun 07 04:53:21 EDT 2021 (1623056001)
2021-08-28 13:31:46,510 [INFO] DbMcusXml:100 - Load MCU database from E:\STM\STM32CubeIDE_1.7.0\STM32CubeIDE\plugins\com.st.stm32cube.common.mx_6.3.0.202107141111\\db\/mcu/families.xml
2021-08-28 13:31:47,345 [INFO] DbMcusJson:93 - JSON generation date=Mon Jun 07 04:53:21 EDT 2021 (1623056001)
2021-08-28 13:31:47,916 [INFO] DbMcus:175 - Found 1951 MCUs (1903 are supported by CubeMX, 1903 are visible in CubeMX)
2021-08-28 13:31:47,917 [INFO] ApiDb:242 - User favorites file not found: C:\Users\pokio/.stm32cubeide/favorites.mcus.txt
2021-08-28 13:31:47,917 [INFO] DbMcus:187 - Set 0 / 0 favorites MCUs
2021-08-28 13:31:48,206 [WARN] PackLoader:238 - Cannot read IP mode file for RoweBots.I-CUBE-UNISONRTOS.5.5.0-4
2021-08-28 13:31:48,244 [WARN] PackLoader:238 - Cannot read IP mode file for STMicroelectronics.X-CUBE-MEMS1.9.0.0
2021-08-28 13:31:48,412 [WARN] PackLoader:238 - Cannot read IP mode file for STMicroelectronics.X-CUBE-AZRTOS-H7.1.1.0
2021-08-28 13:31:48,461 [WARN] PackLoader:238 - Cannot read IP mode file for SEGGER.I-CUBE-embOS.1.2.0
2021-08-28 13:31:48,513 [WARN] PackLoader:238 - Cannot read IP mode file for STMicroelectronics.X-CUBE-BLE1.6.2.1
2021-08-28 13:31:48,518 [WARN] PackLoader:238 - Cannot read IP mode file for STMicroelectronics.X-CUBE-BLE2.3.2.1
2021-08-28 13:31:48,520 [INFO] DbMcusDocs:79 - Found 669 MCUs documents
2021-08-28 13:31:48,522 [INFO] ApiDb:276 - Save user favorites file C:\Users\pokio/.stm32cubeide/favorites.mcus.txt: 0 item(s)
2021-08-28 13:31:48,523 [WARN] PackLoader:238 - Cannot read IP mode file for STMicroelectronics.X-CUBE-NFC4.2.0.3
2021-08-28 13:31:48,523 [INFO] ApiDb:280 - User favorites MCUs=[]
2021-08-28 13:31:48,523 [INFO] DbMcusXml:100 - Load MCU database from E:\STM\STM32CubeIDE_1.7.0\STM32CubeIDE\plugins\com.st.stm32cube.common.mx_6.3.0.202107141111\\db\/mcu/families.xml
2021-08-28 13:31:48,527 [WARN] PackLoader:238 - Cannot read IP mode file for wolfSSL.I-CUBE-wolfSSL.4.8.0
2021-08-28 13:31:48,530 [WARN] PackLoader:238 - Cannot read IP mode file for STMicroelectronics.X-CUBE-TOUCHGFX.4.17.0
2021-08-28 13:31:48,535 [WARN] PackLoader:238 - Cannot read IP mode file for STMicroelectronics.X-CUBE-SFXS2LP1.3.1.0
2021-08-28 13:31:48,541 [WARN] PackLoader:238 - Cannot read IP mode file for STMicroelectronics.X-CUBE-TOF1.2.0.0
2021-08-28 13:31:48,552 [WARN] PackLoader:238 - Cannot read IP mode file for STMicroelectronics.X-CUBE-SUBG2.4.2.0
2021-08-28 13:31:48,560 [WARN] PackLoader:238 - Cannot read IP mode file for STMicroelectronics.X-CUBE-ALS.1.0.1
2021-08-28 13:31:48,564 [WARN] PackLoader:238 - Cannot read IP mode file for STMicroelectronics.X-CUBE-AI.7.0.0
2021-08-28 13:31:48,587 [WARN] PackLoader:238 - Cannot read IP mode file for STMicroelectronics.X-CUBE-ALGOBUILD.1.2.1
2021-08-28 13:31:48,592 [WARN] PackLoader:238 - Cannot read IP mode file for STMicroelectronics.X-CUBE-DISPLAY.1.0.0
2021-08-28 13:31:48,598 [WARN] PackLoader:238 - Cannot read IP mode file for STMicroelectronics.X-CUBE-EEPRMA1.3.1.0
2021-08-28 13:31:48,607 [WARN] PackLoader:238 - Cannot read IP mode file for STMicroelectronics.X-CUBE-GNSS1.5.2.0
2021-08-28 13:31:48,609 [INFO] ThirdParty:915 - Integrity check success = true
2021-08-28 13:31:48,609 [INFO] IntegrityCheckThread:94 - exiting critical section [integrity check]
2021-08-28 13:31:48,609 [INFO] IntegrityCheckThread:97 - End integrity checks thread
2021-08-28 13:31:49,238 [INFO] DbMcusJson:93 - JSON generation date=Mon Jun 07 04:53:21 EDT 2021 (1623056001)
2021-08-28 13:31:49,847 [INFO] DbMcus:175 - Found 1951 MCUs (1903 are supported by CubeMX, 1903 are visible in CubeMX)
2021-08-28 13:31:49,847 [INFO] ApiDb:251 - Load user favorites file C:\Users\pokio/.stm32cubeide/favorites.mcus.txt: 0 item(s)
2021-08-28 13:31:49,848 [INFO] ApiDb:255 - User favorites MCUs=[]
2021-08-28 13:31:49,848 [INFO] DbMcus:187 - Set 0 / 0 favorites MCUs
2021-08-28 13:31:49,882 [INFO] DbBoardsDocs:143 - JSON generation date=Tue Jun 01 01:52:40 EDT 2021 (1622526760)
2021-08-28 13:31:49,922 [INFO] DbBoardsPdsc:90 - Found 25 items
2021-08-28 13:31:49,933 [INFO] DbBoardsPdsc:90 - Found 9 items
2021-08-28 13:31:49,951 [INFO] DbBoardsPdsc:90 - Found 33 items
2021-08-28 13:31:49,956 [INFO] DbBoardsPdsc:90 - Found 1 items
2021-08-28 13:31:49,969 [INFO] DbBoardsPdsc:90 - Found 48 items
2021-08-28 13:31:49,980 [INFO] DbBoardsPdsc:90 - Found 43 items
2021-08-28 13:31:49,982 [INFO] DbBoardsPdsc:90 - Found 2 items
2021-08-28 13:31:49,984 [INFO] DbBoardsPdsc:90 - Found 5 items
2021-08-28 13:31:49,989 [WARN] DbBoardsPdsc:254 - Board STM32H7B3I-DK: unknown feature type=Audio, name=, username=Audio stereo codec with Headphone Amp (CS42L51-CNZ), n=1
2021-08-28 13:31:49,990 [WARN] DbBoardsPdsc:254 - Board STM32H735G-DK: unknown feature type=Audio, name=, username=Audio stereo codec with Headphone Amp (WM8994ECS/R), n=1
2021-08-28 13:31:49,992 [WARN] DbBoardsPdsc:254 - Board STM32H7B3I-EVAL: unknown feature type=Audio, name=, username=Multi-Channel Audio Codec (CS42L51-CNZ), n=1
2021-08-28 13:31:49,992 [WARN] DbBoardsPdsc:254 - Board STM32H7B3I-EVAL: unknown feature type=Meter, name=, username=Power-metering and Temperature-monitoring with sigma-delta modulators, n=1
2021-08-28 13:31:49,992 [WARN] DbBoardsPdsc:254 - Board STM32H7B3I-EVAL: unknown feature type=Motor, name=, username=Motor Control, n=1
2021-08-28 13:31:49,993 [WARN] DbBoardsPdsc:254 - Board STM32U575I-EV: unknown feature type=joystick, name=, username=4-direction joystick with selection button, n=1
2021-08-28 13:31:50,010 [INFO] DbBoardsJson:86 - JSON generation date=Tue Jun 01 01:52:40 EDT 2021 (1622526760)
2021-08-28 13:31:50,018 [INFO] DbBoards:117 - Found 166 boards (163 are supported by CubeMX)
2021-08-28 13:31:50,029 [INFO] DbBoardsDocs:143 - JSON generation date=Tue Jun 01 01:52:40 EDT 2021 (1622526760)
2021-08-28 13:31:50,052 [INFO] DbBoardsDocs:79 - Found 193 boards documents
2021-08-28 13:31:50,053 [WARN] DbBoards:127 - board B-L462E-CELL1 has no document id list !
2021-08-28 13:31:50,053 [WARN] DbBoards:127 - board B-L475E-IOT01A2 has no document id list !
2021-08-28 13:31:50,053 [WARN] DbBoards:127 - board B-U585I-IOT02A has no document id list !
2021-08-28 13:31:50,055 [WARN] DbBoards:127 - board NUCLEO-G0B1RE has no document id list !
2021-08-28 13:31:50,055 [WARN] DbBoards:127 - board NUCLEO-H743ZI has no document id list !
2021-08-28 13:31:50,055 [WARN] DbBoards:127 - board NUCLEO-L4A6ZG has no document id list !
2021-08-28 13:31:50,056 [WARN] DbBoards:127 - board NUCLEO-U575ZI-Q has no document id list !
2021-08-28 13:31:50,056 [WARN] DbBoards:127 - board NUCLEO-WB15CC has no document id list !
2021-08-28 13:31:50,056 [WARN] DbBoards:127 - board NUCLEO-WB55RG has no document id list !
2021-08-28 13:31:50,056 [WARN] DbBoards:127 - board NUCLEO-WL55JC2 has no document id list !
2021-08-28 13:31:50,056 [WARN] DbBoards:127 - board P-NUCLEO-WB55-Nucleo has no document id list !
2021-08-28 13:31:50,056 [WARN] DbBoards:127 - board P-NUCLEO-WB55-USBDongle has no document id list !
2021-08-28 13:31:50,056 [WARN] DbBoards:127 - board STEVAL-BFA001V1B has no document id list !
2021-08-28 13:31:50,056 [WARN] DbBoards:127 - board STEVAL-BFA001V2B has no document id list !
2021-08-28 13:31:50,056 [WARN] DbBoards:127 - board STEVAL-IDP005V1 has no document id list !
2021-08-28 13:31:50,056 [WARN] DbBoards:127 - board STEVAL-IDP005V2 has no document id list !
2021-08-28 13:31:50,056 [WARN] DbBoards:127 - board STEVAL-MKSBOX1V1 has no document id list !
2021-08-28 13:31:50,056 [WARN] DbBoards:127 - board STEVAL-STWINKT1 has no document id list !
2021-08-28 13:31:50,056 [WARN] DbBoards:127 - board STEVAL-STWINKT1B has no document id list !
2021-08-28 13:31:50,057 [WARN] DbBoards:127 - board STM32F401C-DISCO has no document id list !
2021-08-28 13:31:50,058 [WARN] DbBoards:127 - board STM32F769I-DISC1 has no document id list !
2021-08-28 13:31:50,059 [WARN] DbBoards:127 - board STM32G0C1E-EV has no document id list !
2021-08-28 13:31:50,059 [WARN] DbBoards:127 - board STM32G474E-EVAL1 has no document id list !
2021-08-28 13:31:50,059 [WARN] DbBoards:127 - board STM32H743I-EVAL2 has no document id list !
2021-08-28 13:31:50,059 [WARN] DbBoards:127 - board STM32H747I-DISC1 has no document id list !
2021-08-28 13:31:50,059 [WARN] DbBoards:127 - board STM32H753I-EVAL2 has no document id list !
2021-08-28 13:31:50,059 [WARN] DbBoards:127 - board STM32L-DISCOVERY has no document id list !
2021-08-28 13:31:50,060 [WARN] DbBoards:127 - board STM32MP157A-DK1 has no document id list !
2021-08-28 13:31:50,060 [WARN] DbBoards:127 - board STM32MP157D-DK1 has no document id list !
2021-08-28 13:31:50,060 [WARN] DbBoards:127 - board STM32MP157D-EV1 has no document id list !
2021-08-28 13:31:50,060 [WARN] DbBoards:127 - board STM32MP157F-DK2 has no document id list !
2021-08-28 13:31:50,060 [WARN] DbBoards:127 - board STM32MP157F-EV1 has no document id list !
2021-08-28 13:31:50,060 [WARN] DbBoards:127 - board STM32U575I-EV has no document id list !
2021-08-28 13:31:50,060 [WARN] DbBoards:127 - board STM32WB5MM-DK has no document id list !
2021-08-28 13:31:52,139 [INFO] ApiDb:242 - User favorites file not found: C:\Users\pokio/.stm32cubeide/favorites.boards.txt
2021-08-28 13:31:52,140 [INFO] DbBoards:206 - Set 0 / 0 favorites Boards
2021-08-28 13:31:52,160 [INFO] DbBoardsDocs:79 - Found 386 boards documents
2021-08-28 13:31:52,161 [INFO] ApiDb:276 - Save user favorites file C:\Users\pokio/.stm32cubeide/favorites.boards.txt: 0 item(s)
2021-08-28 13:31:52,161 [INFO] ApiDb:280 - User favorites Boards=[]
2021-08-28 13:31:52,164 [INFO] DbBoardsPdsc:90 - Found 25 items
2021-08-28 13:31:52,166 [INFO] DbBoardsPdsc:90 - Found 9 items
2021-08-28 13:31:52,168 [INFO] DbBoardsPdsc:90 - Found 33 items
2021-08-28 13:31:52,170 [INFO] DbBoardsPdsc:90 - Found 1 items
2021-08-28 13:31:52,176 [INFO] DbBoardsPdsc:90 - Found 48 items
2021-08-28 13:31:52,183 [INFO] DbBoardsPdsc:90 - Found 43 items
2021-08-28 13:31:52,184 [INFO] DbBoardsPdsc:90 - Found 2 items
2021-08-28 13:31:52,186 [INFO] DbBoardsPdsc:90 - Found 5 items
2021-08-28 13:31:52,188 [WARN] DbBoardsPdsc:254 - Board STM32H7B3I-DK: unknown feature type=Audio, name=, username=Audio stereo codec with Headphone Amp (CS42L51-CNZ), n=1
2021-08-28 13:31:52,189 [WARN] DbBoardsPdsc:254 - Board STM32H735G-DK: unknown feature type=Audio, name=, username=Audio stereo codec with Headphone Amp (WM8994ECS/R), n=1
2021-08-28 13:31:52,190 [WARN] DbBoardsPdsc:254 - Board STM32H7B3I-EVAL: unknown feature type=Audio, name=, username=Multi-Channel Audio Codec (CS42L51-CNZ), n=1
2021-08-28 13:31:52,190 [WARN] DbBoardsPdsc:254 - Board STM32H7B3I-EVAL: unknown feature type=Meter, name=, username=Power-metering and Temperature-monitoring with sigma-delta modulators, n=1
2021-08-28 13:31:52,190 [WARN] DbBoardsPdsc:254 - Board STM32H7B3I-EVAL: unknown feature type=Motor, name=, username=Motor Control, n=1
2021-08-28 13:31:52,190 [WARN] DbBoardsPdsc:254 - Board STM32U575I-EV: unknown feature type=joystick, name=, username=4-direction joystick with selection button, n=1
2021-08-28 13:31:52,208 [INFO] DbBoardsJson:86 - JSON generation date=Tue Jun 01 01:52:40 EDT 2021 (1622526760)
2021-08-28 13:31:52,213 [INFO] DbBoards:117 - Found 166 boards (163 are supported by CubeMX)
2021-08-28 13:31:52,214 [WARN] DbBoards:127 - board B-L462E-CELL1 has no document id list !
2021-08-28 13:31:52,214 [WARN] DbBoards:127 - board B-L475E-IOT01A2 has no document id list !
2021-08-28 13:31:52,214 [WARN] DbBoards:127 - board B-U585I-IOT02A has no document id list !
2021-08-28 13:31:52,214 [WARN] DbBoards:127 - board NUCLEO-G0B1RE has no document id list !
2021-08-28 13:31:52,214 [WARN] DbBoards:127 - board NUCLEO-H743ZI has no document id list !
2021-08-28 13:31:52,214 [WARN] DbBoards:127 - board NUCLEO-L4A6ZG has no document id list !
2021-08-28 13:31:52,215 [WARN] DbBoards:127 - board NUCLEO-U575ZI-Q has no document id list !
2021-08-28 13:31:52,215 [WARN] DbBoards:127 - board NUCLEO-WB15CC has no document id list !
2021-08-28 13:31:52,215 [WARN] DbBoards:127 - board NUCLEO-WB55RG has no document id list !
2021-08-28 13:31:52,215 [WARN] DbBoards:127 - board NUCLEO-WL55JC2 has no document id list !
2021-08-28 13:31:52,215 [WARN] DbBoards:127 - board P-NUCLEO-WB55-Nucleo has no document id list !
2021-08-28 13:31:52,215 [WARN] DbBoards:127 - board P-NUCLEO-WB55-USBDongle has no document id list !
2021-08-28 13:31:52,215 [WARN] DbBoards:127 - board STEVAL-BFA001V1B has no document id list !
2021-08-28 13:31:52,215 [WARN] DbBoards:127 - board STEVAL-BFA001V2B has no document id list !
2021-08-28 13:31:52,215 [WARN] DbBoards:127 - board STEVAL-IDP005V1 has no document id list !
2021-08-28 13:31:52,215 [WARN] DbBoards:127 - board STEVAL-IDP005V2 has no document id list !
2021-08-28 13:31:52,215 [WARN] DbBoards:127 - board STEVAL-MKSBOX1V1 has no document id list !
2021-08-28 13:31:52,215 [WARN] DbBoards:127 - board STEVAL-STWINKT1 has no document id list !
2021-08-28 13:31:52,215 [WARN] DbBoards:127 - board STEVAL-STWINKT1B has no document id list !
2021-08-28 13:31:52,215 [WARN] DbBoards:127 - board STM32F401C-DISCO has no document id list !
2021-08-28 13:31:52,215 [WARN] DbBoards:127 - board STM32F769I-DISC1 has no document id list !
2021-08-28 13:31:52,216 [WARN] DbBoards:127 - board STM32G0C1E-EV has no document id list !
2021-08-28 13:31:52,216 [WARN] DbBoards:127 - board STM32G474E-EVAL1 has no document id list !
2021-08-28 13:31:52,216 [WARN] DbBoards:127 - board STM32H743I-EVAL2 has no document id list !
2021-08-28 13:31:52,216 [WARN] DbBoards:127 - board STM32H747I-DISC1 has no document id list !
2021-08-28 13:31:52,216 [WARN] DbBoards:127 - board STM32H753I-EVAL2 has no document id list !
2021-08-28 13:31:52,216 [WARN] DbBoards:127 - board STM32L-DISCOVERY has no document id list !
2021-08-28 13:31:52,216 [WARN] DbBoards:127 - board STM32MP157A-DK1 has no document id list !
2021-08-28 13:31:52,217 [WARN] DbBoards:127 - board STM32MP157D-DK1 has no document id list !
2021-08-28 13:31:52,217 [WARN] DbBoards:127 - board STM32MP157D-EV1 has no document id list !
2021-08-28 13:31:52,217 [WARN] DbBoards:127 - board STM32MP157F-DK2 has no document id list !
2021-08-28 13:31:52,217 [WARN] DbBoards:127 - board STM32MP157F-EV1 has no document id list !
2021-08-28 13:31:52,217 [WARN] DbBoards:127 - board STM32U575I-EV has no document id list !
2021-08-28 13:31:52,217 [WARN] DbBoards:127 - board STM32WB5MM-DK has no document id list !
2021-08-28 13:31:53,651 [INFO] ApiDb:251 - Load user favorites file C:\Users\pokio/.stm32cubeide/favorites.boards.txt: 0 item(s)
2021-08-28 13:31:53,651 [INFO] ApiDb:255 - User favorites Boards=[]
2021-08-28 13:31:53,651 [INFO] DbBoards:206 - Set 0 / 0 favorites Boards
2021-08-28 13:31:53,764 [INFO] ServerAccessManage:362 - Download File 
2021-08-28 13:31:53,790 [INFO] LoadUrlFilesThread:172 - End of LoadServerUrlFiles without Thread
2021-08-28 13:31:53,790 [INFO] TargetSelectorAdapter:224 - Refresh data is successful
2021-08-28 13:31:54,062 [INFO] ApiDb:479 - Connected to CubeFinder SQLite database (C:\Users\pokio\.stmcufinder\plugins\mcufinder\mcu\cube-finder-db.db)
2021-08-28 13:31:54,744 [INFO] DbExamplesSqlite:411 - Ignored 49 examples not supported by CubeIDE
2021-08-28 13:31:54,744 [INFO] DbExamplesSqlite:412 - Found 5419 examples active
2021-08-28 13:31:54,744 [INFO] DbExamplesSqlite:413 - Found 0 examples obsolete
2021-08-28 13:31:54,744 [INFO] DbExamplesSqlite:414 - Found 0 examples under development
2021-08-28 13:31:54,744 [INFO] DbExamplesSqlite:415 - Found 110 examples not building
2021-08-28 13:31:54,771 [INFO] DbExamplesSqlite:108 - CubeFinder database Data Model version=2.1
2021-08-28 13:31:54,771 [INFO] DbExamplesSqlite:109 - CubeFinder database Configuration version=3.0.11
2021-08-28 13:31:54,771 [INFO] DbExamplesSqlite:110 - CubeFinder database generation date=2021-08-20 (1629453029)
2021-08-28 13:31:54,772 [INFO] DbExamplesSqlite:111 - CubeFinder database FW Pack versions=[STM32Cube_FW_F4_V1.26.2, STM32Cube_FW_F7_V1.16.1, STM32Cube_FW_G0_V1.5.0, STM32Cube_FW_G4_V1.4.0, STM32Cube_FW_H7_V1.9.0, STM32Cube_FW_L5_V1.4.0, STM32Cube_FW_U5_V1.0.0, STM32Cube_FW_WB_V1.12.1, STM32Cube_FW_WL_V1.1.0, X-CUBE-ALS_V1.0.1, X-CUBE-AZRTOS-H7_V1.1.0, X-CUBE-BLE1_V6.2.0, X-CUBE-BLE2_V3.2.1, X-CUBE-EEPRMA1_V3.1.0, X-CUBE-GNSS1_V5.2.0, X-CUBE-NFC4_V2.0.3, X-CUBE-SFXS2LP1_V3.1.0]
2021-08-28 13:31:54,772 [INFO] DbExamples:130 - Found 5480 examples
2021-08-28 13:31:55,639 [ERROR] DbExamples:206 - Found 338 examples with invalid data (board or MCU)
2021-08-28 13:31:55,640 [INFO] DbExamples:222 - Found 70 boards with related examples
2021-08-28 13:31:55,653 [INFO] DbExamples:235 - Found 59 MCUs with related examples
2021-08-28 13:31:55,676 [INFO] ApiDb:242 - User favorites file not found: C:\Users\pokio/.stm32cubeide/favorites.examples.txt
2021-08-28 13:31:55,676 [INFO] DbExamples:256 - Set 0 / 0 favorites Examples
2021-08-28 13:31:56,032 [INFO] McuFinderGlobals:52 - Set McuFinderConnectedMode to false
2021-08-28 13:31:56,171 [INFO] CrossSelectorPresenter:1330 - Cross Selector saved comparison directory: C:\Users\pokio\.stmcufinder\plugins\mcufinder\mcu\cs_comparisons_mx
2021-08-28 13:31:56,203 [INFO] MultiScanPanel:197 - Auto-refresh data requested => check proxy status ongoing
2021-08-28 13:31:56,203 [INFO] MultiScanPanel:201 - Proxy status is invalid
2021-08-28 13:31:56,206 [INFO] FinderPluginLoader:87 - Searching for filters in installed packs
2021-08-28 13:31:56,677 [INFO] DetailPanel:309 - Set advertising image to C:/Users/pokio/STM32Cube/Repository/\en.prom_STM32U5_PSA-SESIP_LV3_0821.png
2021-08-28 13:32:01,675 [INFO] McuFinderGlobals:52 - Set McuFinderConnectedMode to true
2021-08-28 13:32:01,856 [INFO] ApiDb:276 - Save user favorites file C:\Users\pokio/.stm32cubeide/favorites.mcus.txt: 0 item(s)
2021-08-28 13:32:01,856 [INFO] ApiDb:280 - User favorites MCUs=[]
